Started GET "/" for ::1 at 2017-05-20 20:21:04 -0500
  
ActiveRecord::PendingMigrationError (

Migrations are pending. To resolve this issue, run:

        bin/rails db:migrate RAILS_ENV=development

):
  
activerecord (5.1.0) lib/active_record/migration.rb:576:in `check_pending!'
activerecord (5.1.0) lib/active_record/migration.rb:553:in `call'
actionpack (5.1.0) lib/action_dispatch/middleware/callbacks.rb:26:in `block in call'
activesupport (5.1.0) lib/active_support/callbacks.rb:97:in `run_callbacks'
actionpack (5.1.0) lib/action_dispatch/middleware/callbacks.rb:24:in `call'
actionpack (5.1.0) lib/action_dispatch/middleware/executor.rb:12:in `call'
actionpack (5.1.0) lib/action_dispatch/middleware/debug_exceptions.rb:59:in `call'
actionpack (5.1.0) lib/action_dispatch/middleware/show_exceptions.rb:31:in `call'
railties (5.1.0) lib/rails/rack/logger.rb:36:in `call_app'
railties (5.1.0) lib/rails/rack/logger.rb:24:in `block in call'
activesupport (5.1.0) lib/active_support/tagged_logging.rb:69:in `block in tagged'
activesupport (5.1.0) lib/active_support/tagged_logging.rb:26:in `tagged'
activesupport (5.1.0) lib/active_support/tagged_logging.rb:69:in `tagged'
railties (5.1.0) lib/rails/rack/logger.rb:24:in `call'
sprockets-rails (3.2.0) lib/sprockets/rails/quiet_assets.rb:13:in `call'
actionpack (5.1.0) lib/action_dispatch/middleware/remote_ip.rb:79:in `call'
actionpack (5.1.0) lib/action_dispatch/middleware/request_id.rb:25:in `call'
rack (2.0.1) lib/rack/method_override.rb:22:in `call'
rack (2.0.1) lib/rack/runtime.rb:22:in `call'
activesupport (5.1.0) lib/active_support/cache/strategy/local_cache_middleware.rb:27:in `call'
actionpack (5.1.0) lib/action_dispatch/middleware/executor.rb:12:in `call'
actionpack (5.1.0) lib/action_dispatch/middleware/static.rb:125:in `call'
rack (2.0.1) lib/rack/sendfile.rb:111:in `call'
railties (5.1.0) lib/rails/engine.rb:522:in `call'
rack (2.0.1) lib/rack/handler/webrick.rb:86:in `service'
/Users/brianmehrman/.rvm/rubies/ruby-2.4.1/lib/ruby/2.4.0/webrick/httpserver.rb:140:in `service'
/Users/brianmehrman/.rvm/rubies/ruby-2.4.1/lib/ruby/2.4.0/webrick/httpserver.rb:96:in `run'
/Users/brianmehrman/.rvm/rubies/ruby-2.4.1/lib/ruby/2.4.0/webrick/server.rb:290:in `block in start_thread'
  [1m[35m (0.1ms)[0m  [1m[34mSELECT sqlite_version(*)[0m
  [1m[35m (1.2ms)[0m  [1m[35mCREATE TABLE "schema_migrations" ("version" varchar NOT NULL PRIMARY KEY)[0m
  [1m[35m (1.1ms)[0m  [1m[35mCREATE TABLE "ar_internal_metadata" ("key" varchar NOT NULL PRIMARY KEY, "value" varchar, "created_at" datetime NOT NULL, "updated_at" datetime NOT NULL)[0m
  [1m[35m (0.1ms)[0m  [1m[34mSELECT "schema_migrations"."version" FROM "schema_migrations" ORDER BY "schema_migrations"."version" ASC[0m
Migrating to CreateRecipes (20170430144930)
  [1m[35m (0.0ms)[0m  [1m[36mbegin transaction[0m
  [1m[35m (0.4ms)[0m  [1m[35mCREATE TABLE "recipes" ("id" INTEGER PRIMARY KEY AUTOINCREMENT NOT NULL, "name" varchar, "directions" text, "created_at" datetime NOT NULL, "updated_at" datetime NOT NULL)[0m
  [1m[35mSQL (0.1ms)[0m  [1m[32mINSERT INTO "schema_migrations" ("version") VALUES (?)[0m  [["version", "20170430144930"]]
  [1m[35m (0.7ms)[0m  [1m[36mcommit transaction[0m
Migrating to CreateIngredients (20170430145131)
  [1m[35m (0.1ms)[0m  [1m[36mbegin transaction[0m
  [1m[35m (0.3ms)[0m  [1m[35mCREATE TABLE "ingredients" ("id" INTEGER PRIMARY KEY AUTOINCREMENT NOT NULL, "name" varchar, "amount" float, "unit" varchar, "recipe_id" integer, "created_at" datetime NOT NULL, "updated_at" datetime NOT NULL)[0m
  [1m[35mSQL (0.1ms)[0m  [1m[32mINSERT INTO "schema_migrations" ("version") VALUES (?)[0m  [["version", "20170430145131"]]
  [1m[35m (0.6ms)[0m  [1m[36mcommit transaction[0m
  [1m[36mActiveRecord::InternalMetadata Load (0.1ms)[0m  [1m[34mSELECT  "ar_internal_metadata".* FROM "ar_internal_metadata" WHERE "ar_internal_metadata"."key" = ? LIMIT ?[0m  [["key", "environment"], ["LIMIT", 1]]
  [1m[35m (0.0ms)[0m  [1m[36mbegin transaction[0m
  [1m[35mSQL (0.2ms)[0m  [1m[32mINSERT INTO "ar_internal_metadata" ("key", "value", "created_at", "updated_at") VALUES (?, ?, ?, ?)[0m  [["key", "environment"], ["value", "development"], ["created_at", "2017-05-21 01:21:21.926555"], ["updated_at", "2017-05-21 01:21:21.926555"]]
  [1m[35m (0.7ms)[0m  [1m[36mcommit transaction[0m
  [1m[35m (0.1ms)[0m  [1m[34mSELECT "schema_migrations"."version" FROM "schema_migrations" ORDER BY "schema_migrations"."version" ASC[0m
Started GET "/" for ::1 at 2017-05-20 20:21:30 -0500
  [1m[35m (0.1ms)[0m  [1m[34mSELECT "schema_migrations"."version" FROM "schema_migrations" ORDER BY "schema_migrations"."version" ASC[0m
Processing by RecipesController#index as HTML
  Rendering recipes/index.html.erb within layouts/application
  [1m[36mRecipe Load (0.1ms)[0m  [1m[34mSELECT "recipes".* FROM "recipes"[0m
  Rendered recipes/index.html.erb within layouts/application (7.3ms)
Completed 200 OK in 201ms (Views: 196.4ms | ActiveRecord: 0.3ms)


Started GET "/rails_probe" for ::1 at 2017-05-20 20:21:42 -0500
Processing by RailsProbe::ReportsController#index as HTML
  Rendering /Users/brianmehrman/ruby_projects/gems/rails_probe/app/views/rails_probe/reports/index.html.erb within layouts/rails_probe/application
  [1m[36mRailsProbe::Report Load (0.3ms)[0m  [1m[34mSELECT "rails_probe_reports".* FROM "rails_probe_reports"[0m
  Rendered /Users/brianmehrman/ruby_projects/gems/rails_probe/app/views/rails_probe/reports/index.html.erb within layouts/rails_probe/application (3.6ms)
Completed 500 Internal Server Error in 11ms (ActiveRecord: 0.3ms)


  
ActionView::Template::Error (SQLite3::SQLException: no such table: rails_probe_reports: SELECT "rails_probe_reports".* FROM "rails_probe_reports"):
    16:   </thead>
    17: 
    18:   <tbody>
    19:     <% @reports.each do |report| %>
    20:       <tr>
    21:         <td><%= report.host %></td>
    22:         <td><%= report.session %></td>
  
sqlite3 (1.3.13) lib/sqlite3/database.rb:91:in `initialize'
sqlite3 (1.3.13) lib/sqlite3/database.rb:91:in `new'
sqlite3 (1.3.13) lib/sqlite3/database.rb:91:in `prepare'
activerecord (5.1.0) lib/active_record/connection_adapters/sqlite3_adapter.rb:212:in `block (2 levels) in exec_query'
activesupport (5.1.0) lib/active_support/dependencies/interlock.rb:46:in `block in permit_concurrent_loads'
activesupport (5.1.0) lib/active_support/concurrency/share_lock.rb:185:in `yield_shares'
activesupport (5.1.0) lib/active_support/dependencies/interlock.rb:45:in `permit_concurrent_loads'
activerecord (5.1.0) lib/active_record/connection_adapters/sqlite3_adapter.rb:209:in `block in exec_query'
activerecord (5.1.0) lib/active_record/connection_adapters/abstract_adapter.rb:612:in `block (2 levels) in log'
/Users/brianmehrman/.rvm/rubies/ruby-2.4.1/lib/ruby/2.4.0/monitor.rb:214:in `mon_synchronize'
activerecord (5.1.0) lib/active_record/connection_adapters/abstract_adapter.rb:611:in `block in log'
activesupport (5.1.0) lib/active_support/notifications/instrumenter.rb:21:in `instrument'
activerecord (5.1.0) lib/active_record/connection_adapters/abstract_adapter.rb:603:in `log'
activerecord (5.1.0) lib/active_record/connection_adapters/sqlite3_adapter.rb:208:in `exec_query'
activerecord (5.1.0) lib/active_record/connection_adapters/abstract/database_statements.rb:361:in `select'
activerecord (5.1.0) lib/active_record/connection_adapters/abstract/database_statements.rb:42:in `select_all'
activerecord (5.1.0) lib/active_record/connection_adapters/abstract/query_cache.rb:95:in `block in select_all'
activerecord (5.1.0) lib/active_record/connection_adapters/abstract/query_cache.rb:117:in `block in cache_sql'
/Users/brianmehrman/.rvm/rubies/ruby-2.4.1/lib/ruby/2.4.0/monitor.rb:214:in `mon_synchronize'
activerecord (5.1.0) lib/active_record/connection_adapters/abstract/query_cache.rb:104:in `cache_sql'
activerecord (5.1.0) lib/active_record/connection_adapters/abstract/query_cache.rb:95:in `select_all'
activerecord (5.1.0) lib/active_record/querying.rb:39:in `find_by_sql'
activerecord (5.1.0) lib/active_record/relation.rb:660:in `exec_queries'
activerecord (5.1.0) lib/active_record/relation.rb:547:in `load'
activerecord (5.1.0) lib/active_record/relation.rb:255:in `records'
activerecord (5.1.0) lib/active_record/relation/delegation.rb:41:in `each'
/Users/brianmehrman/ruby_projects/gems/rails_probe/app/views/rails_probe/reports/index.html.erb:19:in `___sers_brianmehrman_ruby_projects_gems_rails_probe_app_views_rails_probe_reports_index_html_erb___3067072117246703360_70105279106860'
actionview (5.1.0) lib/action_view/template.rb:157:in `block in render'
activesupport (5.1.0) lib/active_support/notifications.rb:168:in `instrument'
actionview (5.1.0) lib/action_view/template.rb:352:in `instrument_render_template'
actionview (5.1.0) lib/action_view/template.rb:155:in `render'
actionview (5.1.0) lib/action_view/renderer/template_renderer.rb:52:in `block (2 levels) in render_template'
actionview (5.1.0) lib/action_view/renderer/abstract_renderer.rb:42:in `block in instrument'
activesupport (5.1.0) lib/active_support/notifications.rb:166:in `block in instrument'
activesupport (5.1.0) lib/active_support/notifications/instrumenter.rb:21:in `instrument'
activesupport (5.1.0) lib/active_support/notifications.rb:166:in `instrument'
actionview (5.1.0) lib/action_view/renderer/abstract_renderer.rb:41:in `instrument'
actionview (5.1.0) lib/action_view/renderer/template_renderer.rb:51:in `block in render_template'
actionview (5.1.0) lib/action_view/renderer/template_renderer.rb:59:in `render_with_layout'
actionview (5.1.0) lib/action_view/renderer/template_renderer.rb:50:in `render_template'
actionview (5.1.0) lib/action_view/renderer/template_renderer.rb:14:in `render'
actionview (5.1.0) lib/action_view/renderer/renderer.rb:42:in `render_template'
actionview (5.1.0) lib/action_view/renderer/renderer.rb:23:in `render'
actionview (5.1.0) lib/action_view/rendering.rb:103:in `_render_template'
actionpack (5.1.0) lib/action_controller/metal/streaming.rb:217:in `_render_template'
actionview (5.1.0) lib/action_view/rendering.rb:83:in `render_to_body'
actionpack (5.1.0) lib/action_controller/metal/rendering.rb:52:in `render_to_body'
actionpack (5.1.0) lib/action_controller/metal/renderers.rb:141:in `render_to_body'
actionpack (5.1.0) lib/abstract_controller/rendering.rb:24:in `render'
actionpack (5.1.0) lib/action_controller/metal/rendering.rb:36:in `render'
actionpack (5.1.0) lib/action_controller/metal/instrumentation.rb:44:in `block (2 levels) in render'
activesupport (5.1.0) lib/active_support/core_ext/benchmark.rb:12:in `block in ms'
/Users/brianmehrman/.rvm/rubies/ruby-2.4.1/lib/ruby/2.4.0/benchmark.rb:308:in `realtime'
activesupport (5.1.0) lib/active_support/core_ext/benchmark.rb:12:in `ms'
actionpack (5.1.0) lib/action_controller/metal/instrumentation.rb:44:in `block in render'
actionpack (5.1.0) lib/action_controller/metal/instrumentation.rb:87:in `cleanup_view_runtime'
activerecord (5.1.0) lib/active_record/railties/controller_runtime.rb:29:in `cleanup_view_runtime'
actionpack (5.1.0) lib/action_controller/metal/instrumentation.rb:43:in `render'
actionpack (5.1.0) lib/action_controller/metal/implicit_render.rb:33:in `default_render'
actionpack (5.1.0) lib/action_controller/metal/basic_implicit_render.rb:4:in `block in send_action'
actionpack (5.1.0) lib/action_controller/metal/basic_implicit_render.rb:4:in `tap'
actionpack (5.1.0) lib/action_controller/metal/basic_implicit_render.rb:4:in `send_action'
actionpack (5.1.0) lib/abstract_controller/base.rb:186:in `process_action'
actionpack (5.1.0) lib/action_controller/metal/rendering.rb:30:in `process_action'
actionpack (5.1.0) lib/abstract_controller/callbacks.rb:20:in `block in process_action'
activesupport (5.1.0) lib/active_support/callbacks.rb:131:in `run_callbacks'
actionpack (5.1.0) lib/abstract_controller/callbacks.rb:19:in `process_action'
actionpack (5.1.0) lib/action_controller/metal/rescue.rb:20:in `process_action'
actionpack (5.1.0) lib/action_controller/metal/instrumentation.rb:32:in `block in process_action'
activesupport (5.1.0) lib/active_support/notifications.rb:166:in `block in instrument'
activesupport (5.1.0) lib/active_support/notifications/instrumenter.rb:21:in `instrument'
activesupport (5.1.0) lib/active_support/notifications.rb:166:in `instrument'
actionpack (5.1.0) lib/action_controller/metal/instrumentation.rb:30:in `process_action'
actionpack (5.1.0) lib/action_controller/metal/params_wrapper.rb:252:in `process_action'
activerecord (5.1.0) lib/active_record/railties/controller_runtime.rb:22:in `process_action'
actionpack (5.1.0) lib/abstract_controller/base.rb:124:in `process'
actionview (5.1.0) lib/action_view/rendering.rb:30:in `process'
actionpack (5.1.0) lib/action_controller/metal.rb:189:in `dispatch'
actionpack (5.1.0) lib/action_controller/metal.rb:253:in `dispatch'
actionpack (5.1.0) lib/action_dispatch/routing/route_set.rb:49:in `dispatch'
actionpack (5.1.0) lib/action_dispatch/routing/route_set.rb:31:in `serve'
actionpack (5.1.0) lib/action_dispatch/journey/router.rb:46:in `block in serve'
actionpack (5.1.0) lib/action_dispatch/journey/router.rb:33:in `each'
actionpack (5.1.0) lib/action_dispatch/journey/router.rb:33:in `serve'
actionpack (5.1.0) lib/action_dispatch/routing/route_set.rb:832:in `call'
railties (5.1.0) lib/rails/engine.rb:522:in `call'
railties (5.1.0) lib/rails/railtie.rb:185:in `public_send'
railties (5.1.0) lib/rails/railtie.rb:185:in `method_missing'
actionpack (5.1.0) lib/action_dispatch/routing/mapper.rb:17:in `block in <class:Constraints>'
actionpack (5.1.0) lib/action_dispatch/routing/mapper.rb:46:in `serve'
actionpack (5.1.0) lib/action_dispatch/journey/router.rb:46:in `block in serve'
actionpack (5.1.0) lib/action_dispatch/journey/router.rb:33:in `each'
actionpack (5.1.0) lib/action_dispatch/journey/router.rb:33:in `serve'
actionpack (5.1.0) lib/action_dispatch/routing/route_set.rb:832:in `call'
rack (2.0.1) lib/rack/etag.rb:25:in `call'
rack (2.0.1) lib/rack/conditional_get.rb:25:in `call'
rack (2.0.1) lib/rack/head.rb:12:in `call'
rack (2.0.1) lib/rack/session/abstract/id.rb:222:in `context'
rack (2.0.1) lib/rack/session/abstract/id.rb:216:in `call'
actionpack (5.1.0) lib/action_dispatch/middleware/cookies.rb:613:in `call'
activerecord (5.1.0) lib/active_record/migration.rb:556:in `call'
actionpack (5.1.0) lib/action_dispatch/middleware/callbacks.rb:26:in `block in call'
activesupport (5.1.0) lib/active_support/callbacks.rb:97:in `run_callbacks'
actionpack (5.1.0) lib/action_dispatch/middleware/callbacks.rb:24:in `call'
actionpack (5.1.0) lib/action_dispatch/middleware/executor.rb:12:in `call'
actionpack (5.1.0) lib/action_dispatch/middleware/debug_exceptions.rb:59:in `call'
actionpack (5.1.0) lib/action_dispatch/middleware/show_exceptions.rb:31:in `call'
railties (5.1.0) lib/rails/rack/logger.rb:36:in `call_app'
railties (5.1.0) lib/rails/rack/logger.rb:24:in `block in call'
activesupport (5.1.0) lib/active_support/tagged_logging.rb:69:in `block in tagged'
activesupport (5.1.0) lib/active_support/tagged_logging.rb:26:in `tagged'
activesupport (5.1.0) lib/active_support/tagged_logging.rb:69:in `tagged'
railties (5.1.0) lib/rails/rack/logger.rb:24:in `call'
sprockets-rails (3.2.0) lib/sprockets/rails/quiet_assets.rb:13:in `call'
actionpack (5.1.0) lib/action_dispatch/middleware/remote_ip.rb:79:in `call'
actionpack (5.1.0) lib/action_dispatch/middleware/request_id.rb:25:in `call'
rack (2.0.1) lib/rack/method_override.rb:22:in `call'
rack (2.0.1) lib/rack/runtime.rb:22:in `call'
activesupport (5.1.0) lib/active_support/cache/strategy/local_cache_middleware.rb:27:in `call'
actionpack (5.1.0) lib/action_dispatch/middleware/executor.rb:12:in `call'
actionpack (5.1.0) lib/action_dispatch/middleware/static.rb:125:in `call'
rack (2.0.1) lib/rack/sendfile.rb:111:in `call'
railties (5.1.0) lib/rails/engine.rb:522:in `call'
rack (2.0.1) lib/rack/handler/webrick.rb:86:in `service'
/Users/brianmehrman/.rvm/rubies/ruby-2.4.1/lib/ruby/2.4.0/webrick/httpserver.rb:140:in `service'
/Users/brianmehrman/.rvm/rubies/ruby-2.4.1/lib/ruby/2.4.0/webrick/httpserver.rb:96:in `run'
/Users/brianmehrman/.rvm/rubies/ruby-2.4.1/lib/ruby/2.4.0/webrick/server.rb:290:in `block in start_thread'
Started GET "/rails_probe" for ::1 at 2017-05-27 08:05:11 -0500
  [1m[35m (0.4ms)[0m  [1m[34mSELECT "schema_migrations"."version" FROM "schema_migrations" ORDER BY "schema_migrations"."version" ASC[0m
Processing by RailsProbe::ReportsController#index as HTML
  Rendering /Users/brianmehrman/ruby_projects/gems/rails_probe/app/views/rails_probe/reports/index.html.erb within layouts/rails_probe/application
  [1m[36mRailsProbe::Report Load (0.2ms)[0m  [1m[34mSELECT "rails_probe_reports".* FROM "rails_probe_reports"[0m
  Rendered /Users/brianmehrman/ruby_projects/gems/rails_probe/app/views/rails_probe/reports/index.html.erb within layouts/rails_probe/application (10.7ms)
Completed 500 Internal Server Error in 22ms (ActiveRecord: 0.2ms)


  
ActionView::Template::Error (SQLite3::SQLException: no such table: rails_probe_reports: SELECT "rails_probe_reports".* FROM "rails_probe_reports"):
    25:     </tr>
    26:   </thead>
    27:   <tbody>
    28:     <% @reports.each do |report| %>
    29:       <tr>
    30:         <td><%= report.host %></td>
    31:         <td><%= report.session %></td>
  
sqlite3 (1.3.13) lib/sqlite3/database.rb:91:in `initialize'
sqlite3 (1.3.13) lib/sqlite3/database.rb:91:in `new'
sqlite3 (1.3.13) lib/sqlite3/database.rb:91:in `prepare'
activerecord (5.1.0) lib/active_record/connection_adapters/sqlite3_adapter.rb:224:in `block (2 levels) in exec_query'
activesupport (5.1.0) lib/active_support/dependencies/interlock.rb:46:in `block in permit_concurrent_loads'
activesupport (5.1.0) lib/active_support/concurrency/share_lock.rb:185:in `yield_shares'
activesupport (5.1.0) lib/active_support/dependencies/interlock.rb:45:in `permit_concurrent_loads'
activerecord (5.1.0) lib/active_record/connection_adapters/sqlite3_adapter.rb:209:in `block in exec_query'
activerecord (5.1.0) lib/active_record/connection_adapters/abstract_adapter.rb:612:in `block (2 levels) in log'
/Users/brianmehrman/.rvm/rubies/ruby-2.4.1/lib/ruby/2.4.0/monitor.rb:214:in `mon_synchronize'
activerecord (5.1.0) lib/active_record/connection_adapters/abstract_adapter.rb:611:in `block in log'
activesupport (5.1.0) lib/active_support/notifications/instrumenter.rb:21:in `instrument'
activerecord (5.1.0) lib/active_record/connection_adapters/abstract_adapter.rb:603:in `log'
activerecord (5.1.0) lib/active_record/connection_adapters/sqlite3_adapter.rb:208:in `exec_query'
activerecord (5.1.0) lib/active_record/connection_adapters/abstract/database_statements.rb:365:in `select_prepared'
activerecord (5.1.0) lib/active_record/connection_adapters/abstract/database_statements.rb:40:in `select_all'
activerecord (5.1.0) lib/active_record/connection_adapters/abstract/query_cache.rb:97:in `select_all'
activerecord (5.1.0) lib/active_record/querying.rb:39:in `find_by_sql'
activerecord (5.1.0) lib/active_record/relation.rb:660:in `exec_queries'
activerecord (5.1.0) lib/active_record/relation.rb:547:in `load'
activerecord (5.1.0) lib/active_record/relation.rb:255:in `records'
activerecord (5.1.0) lib/active_record/relation/delegation.rb:41:in `each'
/Users/brianmehrman/ruby_projects/gems/rails_probe/app/views/rails_probe/reports/index.html.erb:28:in `___sers_brianmehrman_ruby_projects_gems_rails_probe_app_views_rails_probe_reports_index_html_erb__1624734719586761595_70093607311380'
actionview (5.1.0) lib/action_view/template.rb:157:in `block in render'
activesupport (5.1.0) lib/active_support/notifications.rb:168:in `instrument'
actionview (5.1.0) lib/action_view/template.rb:352:in `instrument_render_template'
actionview (5.1.0) lib/action_view/template.rb:155:in `render'
actionview (5.1.0) lib/action_view/renderer/template_renderer.rb:52:in `block (2 levels) in render_template'
actionview (5.1.0) lib/action_view/renderer/abstract_renderer.rb:42:in `block in instrument'
activesupport (5.1.0) lib/active_support/notifications.rb:166:in `block in instrument'
activesupport (5.1.0) lib/active_support/notifications/instrumenter.rb:21:in `instrument'
activesupport (5.1.0) lib/active_support/notifications.rb:166:in `instrument'
actionview (5.1.0) lib/action_view/renderer/abstract_renderer.rb:41:in `instrument'
actionview (5.1.0) lib/action_view/renderer/template_renderer.rb:51:in `block in render_template'
actionview (5.1.0) lib/action_view/renderer/template_renderer.rb:59:in `render_with_layout'
actionview (5.1.0) lib/action_view/renderer/template_renderer.rb:50:in `render_template'
actionview (5.1.0) lib/action_view/renderer/template_renderer.rb:14:in `render'
actionview (5.1.0) lib/action_view/renderer/renderer.rb:42:in `render_template'
actionview (5.1.0) lib/action_view/renderer/renderer.rb:23:in `render'
actionview (5.1.0) lib/action_view/rendering.rb:103:in `_render_template'
actionpack (5.1.0) lib/action_controller/metal/streaming.rb:217:in `_render_template'
actionview (5.1.0) lib/action_view/rendering.rb:83:in `render_to_body'
actionpack (5.1.0) lib/action_controller/metal/rendering.rb:52:in `render_to_body'
actionpack (5.1.0) lib/action_controller/metal/renderers.rb:141:in `render_to_body'
actionpack (5.1.0) lib/abstract_controller/rendering.rb:24:in `render'
actionpack (5.1.0) lib/action_controller/metal/rendering.rb:36:in `render'
actionpack (5.1.0) lib/action_controller/metal/instrumentation.rb:44:in `block (2 levels) in render'
activesupport (5.1.0) lib/active_support/core_ext/benchmark.rb:12:in `block in ms'
/Users/brianmehrman/.rvm/rubies/ruby-2.4.1/lib/ruby/2.4.0/benchmark.rb:308:in `realtime'
activesupport (5.1.0) lib/active_support/core_ext/benchmark.rb:12:in `ms'
actionpack (5.1.0) lib/action_controller/metal/instrumentation.rb:44:in `block in render'
actionpack (5.1.0) lib/action_controller/metal/instrumentation.rb:87:in `cleanup_view_runtime'
activerecord (5.1.0) lib/active_record/railties/controller_runtime.rb:29:in `cleanup_view_runtime'
actionpack (5.1.0) lib/action_controller/metal/instrumentation.rb:43:in `render'
actionpack (5.1.0) lib/action_controller/metal/implicit_render.rb:33:in `default_render'
actionpack (5.1.0) lib/action_controller/metal/basic_implicit_render.rb:4:in `block in send_action'
actionpack (5.1.0) lib/action_controller/metal/basic_implicit_render.rb:4:in `tap'
actionpack (5.1.0) lib/action_controller/metal/basic_implicit_render.rb:4:in `send_action'
actionpack (5.1.0) lib/abstract_controller/base.rb:186:in `process_action'
actionpack (5.1.0) lib/action_controller/metal/rendering.rb:30:in `process_action'
actionpack (5.1.0) lib/abstract_controller/callbacks.rb:20:in `block in process_action'
activesupport (5.1.0) lib/active_support/callbacks.rb:131:in `run_callbacks'
actionpack (5.1.0) lib/abstract_controller/callbacks.rb:19:in `process_action'
actionpack (5.1.0) lib/action_controller/metal/rescue.rb:20:in `process_action'
actionpack (5.1.0) lib/action_controller/metal/instrumentation.rb:32:in `block in process_action'
activesupport (5.1.0) lib/active_support/notifications.rb:166:in `block in instrument'
activesupport (5.1.0) lib/active_support/notifications/instrumenter.rb:21:in `instrument'
activesupport (5.1.0) lib/active_support/notifications.rb:166:in `instrument'
actionpack (5.1.0) lib/action_controller/metal/instrumentation.rb:30:in `process_action'
actionpack (5.1.0) lib/action_controller/metal/params_wrapper.rb:252:in `process_action'
activerecord (5.1.0) lib/active_record/railties/controller_runtime.rb:22:in `process_action'
actionpack (5.1.0) lib/abstract_controller/base.rb:124:in `process'
actionview (5.1.0) lib/action_view/rendering.rb:30:in `process'
actionpack (5.1.0) lib/action_controller/metal.rb:189:in `dispatch'
actionpack (5.1.0) lib/action_controller/metal.rb:253:in `dispatch'
actionpack (5.1.0) lib/action_dispatch/routing/route_set.rb:49:in `dispatch'
actionpack (5.1.0) lib/action_dispatch/routing/route_set.rb:31:in `serve'
actionpack (5.1.0) lib/action_dispatch/journey/router.rb:46:in `block in serve'
actionpack (5.1.0) lib/action_dispatch/journey/router.rb:33:in `each'
actionpack (5.1.0) lib/action_dispatch/journey/router.rb:33:in `serve'
actionpack (5.1.0) lib/action_dispatch/routing/route_set.rb:832:in `call'
railties (5.1.0) lib/rails/engine.rb:522:in `call'
railties (5.1.0) lib/rails/railtie.rb:185:in `public_send'
railties (5.1.0) lib/rails/railtie.rb:185:in `method_missing'
actionpack (5.1.0) lib/action_dispatch/routing/mapper.rb:17:in `block in <class:Constraints>'
actionpack (5.1.0) lib/action_dispatch/routing/mapper.rb:46:in `serve'
actionpack (5.1.0) lib/action_dispatch/journey/router.rb:46:in `block in serve'
actionpack (5.1.0) lib/action_dispatch/journey/router.rb:33:in `each'
actionpack (5.1.0) lib/action_dispatch/journey/router.rb:33:in `serve'
actionpack (5.1.0) lib/action_dispatch/routing/route_set.rb:832:in `call'
rack (2.0.1) lib/rack/etag.rb:25:in `call'
rack (2.0.1) lib/rack/conditional_get.rb:25:in `call'
rack (2.0.1) lib/rack/head.rb:12:in `call'
rack (2.0.1) lib/rack/session/abstract/id.rb:222:in `context'
rack (2.0.1) lib/rack/session/abstract/id.rb:216:in `call'
actionpack (5.1.0) lib/action_dispatch/middleware/cookies.rb:613:in `call'
activerecord (5.1.0) lib/active_record/migration.rb:556:in `call'
actionpack (5.1.0) lib/action_dispatch/middleware/callbacks.rb:26:in `block in call'
activesupport (5.1.0) lib/active_support/callbacks.rb:97:in `run_callbacks'
actionpack (5.1.0) lib/action_dispatch/middleware/callbacks.rb:24:in `call'
actionpack (5.1.0) lib/action_dispatch/middleware/executor.rb:12:in `call'
actionpack (5.1.0) lib/action_dispatch/middleware/debug_exceptions.rb:59:in `call'
actionpack (5.1.0) lib/action_dispatch/middleware/show_exceptions.rb:31:in `call'
railties (5.1.0) lib/rails/rack/logger.rb:36:in `call_app'
railties (5.1.0) lib/rails/rack/logger.rb:24:in `block in call'
activesupport (5.1.0) lib/active_support/tagged_logging.rb:69:in `block in tagged'
activesupport (5.1.0) lib/active_support/tagged_logging.rb:26:in `tagged'
activesupport (5.1.0) lib/active_support/tagged_logging.rb:69:in `tagged'
railties (5.1.0) lib/rails/rack/logger.rb:24:in `call'
sprockets-rails (3.2.0) lib/sprockets/rails/quiet_assets.rb:13:in `call'
actionpack (5.1.0) lib/action_dispatch/middleware/remote_ip.rb:79:in `call'
actionpack (5.1.0) lib/action_dispatch/middleware/request_id.rb:25:in `call'
rack (2.0.1) lib/rack/method_override.rb:22:in `call'
rack (2.0.1) lib/rack/runtime.rb:22:in `call'
activesupport (5.1.0) lib/active_support/cache/strategy/local_cache_middleware.rb:27:in `call'
actionpack (5.1.0) lib/action_dispatch/middleware/executor.rb:12:in `call'
actionpack (5.1.0) lib/action_dispatch/middleware/static.rb:125:in `call'
rack (2.0.1) lib/rack/sendfile.rb:111:in `call'
railties (5.1.0) lib/rails/engine.rb:522:in `call'
rack (2.0.1) lib/rack/handler/webrick.rb:86:in `service'
/Users/brianmehrman/.rvm/rubies/ruby-2.4.1/lib/ruby/2.4.0/webrick/httpserver.rb:140:in `service'
/Users/brianmehrman/.rvm/rubies/ruby-2.4.1/lib/ruby/2.4.0/webrick/httpserver.rb:96:in `run'
/Users/brianmehrman/.rvm/rubies/ruby-2.4.1/lib/ruby/2.4.0/webrick/server.rb:290:in `block in start_thread'
Started GET "/rails_probe" for ::1 at 2017-05-27 08:06:21 -0500
Processing by RailsProbe::ReportsController#index as HTML
  Rendering /Users/brianmehrman/ruby_projects/gems/rails_probe/app/views/rails_probe/reports/index.html.erb within layouts/rails_probe/application
  [1m[36mRailsProbe::Report Load (0.2ms)[0m  [1m[34mSELECT "rails_probe_reports".* FROM "rails_probe_reports"[0m
  Rendered /Users/brianmehrman/ruby_projects/gems/rails_probe/app/views/rails_probe/reports/index.html.erb within layouts/rails_probe/application (3.4ms)
Completed 500 Internal Server Error in 10ms (ActiveRecord: 0.4ms)


  
ActionView::Template::Error (SQLite3::SQLException: no such table: rails_probe_reports: SELECT "rails_probe_reports".* FROM "rails_probe_reports"):
    25:     </tr>
    26:   </thead>
    27:   <tbody>
    28:     <% @reports.each do |report| %>
    29:       <tr>
    30:         <td><%= report.host %></td>
    31:         <td><%= report.session %></td>
  
sqlite3 (1.3.13) lib/sqlite3/database.rb:91:in `initialize'
sqlite3 (1.3.13) lib/sqlite3/database.rb:91:in `new'
sqlite3 (1.3.13) lib/sqlite3/database.rb:91:in `prepare'
activerecord (5.1.0) lib/active_record/connection_adapters/sqlite3_adapter.rb:212:in `block (2 levels) in exec_query'
activesupport (5.1.0) lib/active_support/dependencies/interlock.rb:46:in `block in permit_concurrent_loads'
activesupport (5.1.0) lib/active_support/concurrency/share_lock.rb:185:in `yield_shares'
activesupport (5.1.0) lib/active_support/dependencies/interlock.rb:45:in `permit_concurrent_loads'
activerecord (5.1.0) lib/active_record/connection_adapters/sqlite3_adapter.rb:209:in `block in exec_query'
activerecord (5.1.0) lib/active_record/connection_adapters/abstract_adapter.rb:612:in `block (2 levels) in log'
/Users/brianmehrman/.rvm/rubies/ruby-2.4.1/lib/ruby/2.4.0/monitor.rb:214:in `mon_synchronize'
activerecord (5.1.0) lib/active_record/connection_adapters/abstract_adapter.rb:611:in `block in log'
activesupport (5.1.0) lib/active_support/notifications/instrumenter.rb:21:in `instrument'
activerecord (5.1.0) lib/active_record/connection_adapters/abstract_adapter.rb:603:in `log'
activerecord (5.1.0) lib/active_record/connection_adapters/sqlite3_adapter.rb:208:in `exec_query'
activerecord (5.1.0) lib/active_record/connection_adapters/abstract/database_statements.rb:361:in `select'
activerecord (5.1.0) lib/active_record/connection_adapters/abstract/database_statements.rb:42:in `select_all'
activerecord (5.1.0) lib/active_record/connection_adapters/abstract/query_cache.rb:95:in `block in select_all'
activerecord (5.1.0) lib/active_record/connection_adapters/abstract/query_cache.rb:117:in `block in cache_sql'
/Users/brianmehrman/.rvm/rubies/ruby-2.4.1/lib/ruby/2.4.0/monitor.rb:214:in `mon_synchronize'
activerecord (5.1.0) lib/active_record/connection_adapters/abstract/query_cache.rb:104:in `cache_sql'
activerecord (5.1.0) lib/active_record/connection_adapters/abstract/query_cache.rb:95:in `select_all'
activerecord (5.1.0) lib/active_record/querying.rb:39:in `find_by_sql'
activerecord (5.1.0) lib/active_record/relation.rb:660:in `exec_queries'
activerecord (5.1.0) lib/active_record/relation.rb:547:in `load'
activerecord (5.1.0) lib/active_record/relation.rb:255:in `records'
activerecord (5.1.0) lib/active_record/relation/delegation.rb:41:in `each'
/Users/brianmehrman/ruby_projects/gems/rails_probe/app/views/rails_probe/reports/index.html.erb:28:in `___sers_brianmehrman_ruby_projects_gems_rails_probe_app_views_rails_probe_reports_index_html_erb__1624734719586761595_70093632127820'
actionview (5.1.0) lib/action_view/template.rb:157:in `block in render'
activesupport (5.1.0) lib/active_support/notifications.rb:168:in `instrument'
actionview (5.1.0) lib/action_view/template.rb:352:in `instrument_render_template'
actionview (5.1.0) lib/action_view/template.rb:155:in `render'
actionview (5.1.0) lib/action_view/renderer/template_renderer.rb:52:in `block (2 levels) in render_template'
actionview (5.1.0) lib/action_view/renderer/abstract_renderer.rb:42:in `block in instrument'
activesupport (5.1.0) lib/active_support/notifications.rb:166:in `block in instrument'
activesupport (5.1.0) lib/active_support/notifications/instrumenter.rb:21:in `instrument'
activesupport (5.1.0) lib/active_support/notifications.rb:166:in `instrument'
actionview (5.1.0) lib/action_view/renderer/abstract_renderer.rb:41:in `instrument'
actionview (5.1.0) lib/action_view/renderer/template_renderer.rb:51:in `block in render_template'
actionview (5.1.0) lib/action_view/renderer/template_renderer.rb:59:in `render_with_layout'
actionview (5.1.0) lib/action_view/renderer/template_renderer.rb:50:in `render_template'
actionview (5.1.0) lib/action_view/renderer/template_renderer.rb:14:in `render'
actionview (5.1.0) lib/action_view/renderer/renderer.rb:42:in `render_template'
actionview (5.1.0) lib/action_view/renderer/renderer.rb:23:in `render'
actionview (5.1.0) lib/action_view/rendering.rb:103:in `_render_template'
actionpack (5.1.0) lib/action_controller/metal/streaming.rb:217:in `_render_template'
actionview (5.1.0) lib/action_view/rendering.rb:83:in `render_to_body'
actionpack (5.1.0) lib/action_controller/metal/rendering.rb:52:in `render_to_body'
actionpack (5.1.0) lib/action_controller/metal/renderers.rb:141:in `render_to_body'
actionpack (5.1.0) lib/abstract_controller/rendering.rb:24:in `render'
actionpack (5.1.0) lib/action_controller/metal/rendering.rb:36:in `render'
actionpack (5.1.0) lib/action_controller/metal/instrumentation.rb:44:in `block (2 levels) in render'
activesupport (5.1.0) lib/active_support/core_ext/benchmark.rb:12:in `block in ms'
/Users/brianmehrman/.rvm/rubies/ruby-2.4.1/lib/ruby/2.4.0/benchmark.rb:308:in `realtime'
activesupport (5.1.0) lib/active_support/core_ext/benchmark.rb:12:in `ms'
actionpack (5.1.0) lib/action_controller/metal/instrumentation.rb:44:in `block in render'
actionpack (5.1.0) lib/action_controller/metal/instrumentation.rb:87:in `cleanup_view_runtime'
activerecord (5.1.0) lib/active_record/railties/controller_runtime.rb:29:in `cleanup_view_runtime'
actionpack (5.1.0) lib/action_controller/metal/instrumentation.rb:43:in `render'
actionpack (5.1.0) lib/action_controller/metal/implicit_render.rb:33:in `default_render'
actionpack (5.1.0) lib/action_controller/metal/basic_implicit_render.rb:4:in `block in send_action'
actionpack (5.1.0) lib/action_controller/metal/basic_implicit_render.rb:4:in `tap'
actionpack (5.1.0) lib/action_controller/metal/basic_implicit_render.rb:4:in `send_action'
actionpack (5.1.0) lib/abstract_controller/base.rb:186:in `process_action'
actionpack (5.1.0) lib/action_controller/metal/rendering.rb:30:in `process_action'
actionpack (5.1.0) lib/abstract_controller/callbacks.rb:20:in `block in process_action'
activesupport (5.1.0) lib/active_support/callbacks.rb:131:in `run_callbacks'
actionpack (5.1.0) lib/abstract_controller/callbacks.rb:19:in `process_action'
actionpack (5.1.0) lib/action_controller/metal/rescue.rb:20:in `process_action'
actionpack (5.1.0) lib/action_controller/metal/instrumentation.rb:32:in `block in process_action'
activesupport (5.1.0) lib/active_support/notifications.rb:166:in `block in instrument'
activesupport (5.1.0) lib/active_support/notifications/instrumenter.rb:21:in `instrument'
activesupport (5.1.0) lib/active_support/notifications.rb:166:in `instrument'
actionpack (5.1.0) lib/action_controller/metal/instrumentation.rb:30:in `process_action'
actionpack (5.1.0) lib/action_controller/metal/params_wrapper.rb:252:in `process_action'
activerecord (5.1.0) lib/active_record/railties/controller_runtime.rb:22:in `process_action'
actionpack (5.1.0) lib/abstract_controller/base.rb:124:in `process'
actionview (5.1.0) lib/action_view/rendering.rb:30:in `process'
actionpack (5.1.0) lib/action_controller/metal.rb:189:in `dispatch'
actionpack (5.1.0) lib/action_controller/metal.rb:253:in `dispatch'
actionpack (5.1.0) lib/action_dispatch/routing/route_set.rb:49:in `dispatch'
actionpack (5.1.0) lib/action_dispatch/routing/route_set.rb:31:in `serve'
actionpack (5.1.0) lib/action_dispatch/journey/router.rb:46:in `block in serve'
actionpack (5.1.0) lib/action_dispatch/journey/router.rb:33:in `each'
actionpack (5.1.0) lib/action_dispatch/journey/router.rb:33:in `serve'
actionpack (5.1.0) lib/action_dispatch/routing/route_set.rb:832:in `call'
railties (5.1.0) lib/rails/engine.rb:522:in `call'
railties (5.1.0) lib/rails/railtie.rb:185:in `public_send'
railties (5.1.0) lib/rails/railtie.rb:185:in `method_missing'
actionpack (5.1.0) lib/action_dispatch/routing/mapper.rb:17:in `block in <class:Constraints>'
actionpack (5.1.0) lib/action_dispatch/routing/mapper.rb:46:in `serve'
actionpack (5.1.0) lib/action_dispatch/journey/router.rb:46:in `block in serve'
actionpack (5.1.0) lib/action_dispatch/journey/router.rb:33:in `each'
actionpack (5.1.0) lib/action_dispatch/journey/router.rb:33:in `serve'
actionpack (5.1.0) lib/action_dispatch/routing/route_set.rb:832:in `call'
rack (2.0.1) lib/rack/etag.rb:25:in `call'
rack (2.0.1) lib/rack/conditional_get.rb:25:in `call'
rack (2.0.1) lib/rack/head.rb:12:in `call'
rack (2.0.1) lib/rack/session/abstract/id.rb:222:in `context'
rack (2.0.1) lib/rack/session/abstract/id.rb:216:in `call'
actionpack (5.1.0) lib/action_dispatch/middleware/cookies.rb:613:in `call'
activerecord (5.1.0) lib/active_record/migration.rb:556:in `call'
actionpack (5.1.0) lib/action_dispatch/middleware/callbacks.rb:26:in `block in call'
activesupport (5.1.0) lib/active_support/callbacks.rb:97:in `run_callbacks'
actionpack (5.1.0) lib/action_dispatch/middleware/callbacks.rb:24:in `call'
actionpack (5.1.0) lib/action_dispatch/middleware/executor.rb:12:in `call'
actionpack (5.1.0) lib/action_dispatch/middleware/debug_exceptions.rb:59:in `call'
actionpack (5.1.0) lib/action_dispatch/middleware/show_exceptions.rb:31:in `call'
railties (5.1.0) lib/rails/rack/logger.rb:36:in `call_app'
railties (5.1.0) lib/rails/rack/logger.rb:24:in `block in call'
activesupport (5.1.0) lib/active_support/tagged_logging.rb:69:in `block in tagged'
activesupport (5.1.0) lib/active_support/tagged_logging.rb:26:in `tagged'
activesupport (5.1.0) lib/active_support/tagged_logging.rb:69:in `tagged'
railties (5.1.0) lib/rails/rack/logger.rb:24:in `call'
sprockets-rails (3.2.0) lib/sprockets/rails/quiet_assets.rb:13:in `call'
actionpack (5.1.0) lib/action_dispatch/middleware/remote_ip.rb:79:in `call'
actionpack (5.1.0) lib/action_dispatch/middleware/request_id.rb:25:in `call'
rack (2.0.1) lib/rack/method_override.rb:22:in `call'
rack (2.0.1) lib/rack/runtime.rb:22:in `call'
activesupport (5.1.0) lib/active_support/cache/strategy/local_cache_middleware.rb:27:in `call'
actionpack (5.1.0) lib/action_dispatch/middleware/executor.rb:12:in `call'
actionpack (5.1.0) lib/action_dispatch/middleware/static.rb:125:in `call'
rack (2.0.1) lib/rack/sendfile.rb:111:in `call'
railties (5.1.0) lib/rails/engine.rb:522:in `call'
rack (2.0.1) lib/rack/handler/webrick.rb:86:in `service'
/Users/brianmehrman/.rvm/rubies/ruby-2.4.1/lib/ruby/2.4.0/webrick/httpserver.rb:140:in `service'
/Users/brianmehrman/.rvm/rubies/ruby-2.4.1/lib/ruby/2.4.0/webrick/httpserver.rb:96:in `run'
/Users/brianmehrman/.rvm/rubies/ruby-2.4.1/lib/ruby/2.4.0/webrick/server.rb:290:in `block in start_thread'
